c:\users\dell\desktop\css-mfccourse_selection_c++\css-mfccourse_selection_c++\x64\debug\css.pch
c:\users\dell\desktop\css-mfccourse_selection_c++\css-mfccourse_selection_c++\x64\debug\vc143.pdb
c:\users\dell\desktop\css-mfccourse_selection_c++\css-mfccourse_selection_c++\x64\debug\vc143.idb
c:\users\dell\desktop\css-mfccourse_selection_c++\css-mfccourse_selection_c++\x64\debug\pch.obj
c:\users\dell\desktop\css-mfccourse_selection_c++\css-mfccourse_selection_c++\x64\debug\student.obj
c:\users\dell\desktop\css-mfccourse_selection_c++\css-mfccourse_selection_c++\x64\debug\login.obj
c:\users\dell\desktop\css-mfccourse_selection_c++\css-mfccourse_selection_c++\x64\debug\func.obj
c:\users\dell\desktop\css-mfccourse_selection_c++\css-mfccourse_selection_c++\x64\debug\css.obj
c:\users\dell\desktop\css-mfccourse_selection_c++\css-mfccourse_selection_c++\x64\debug\_student.obj
c:\users\dell\desktop\css-mfccourse_selection_c++\css-mfccourse_selection_c++\x64\debug\course.obj
c:\users\dell\desktop\css-mfccourse_selection_c++\css-mfccourse_selection_c++\x64\debug\s_student.obj
c:\users\dell\desktop\css-mfccourse_selection_c++\css-mfccourse_selection_c++\x64\debug\gstudent.obj
c:\users\dell\desktop\css-mfccourse_selection_c++\css-mfccourse_selection_c++\x64\debug\ugstudent.obj
c:\users\dell\desktop\css-mfccourse_selection_c++\css-mfccourse_selection_c++\x64\debug\css.exe
c:\users\dell\desktop\css-mfccourse_selection_c++\css-mfccourse_selection_c++\x64\debug\css.ilk
c:\users\dell\desktop\css-mfccourse_selection_c++\css-mfccourse_selection_c++\x64\debug\css.pdb
c:\users\dell\desktop\css-mfccourse_selection_c++\css-mfccourse_selection_c++\x64\debug\css.res
c:\users\dell\desktop\css-mfccourse_selection_c++\css-mfccourse_selection_c++\x64\debug\css.tlog\cl.command.1.tlog
c:\users\dell\desktop\css-mfccourse_selection_c++\css-mfccourse_selection_c++\x64\debug\css.tlog\cl.items.tlog
c:\users\dell\desktop\css-mfccourse_selection_c++\css-mfccourse_selection_c++\x64\debug\css.tlog\cl.read.1.tlog
c:\users\dell\desktop\css-mfccourse_selection_c++\css-mfccourse_selection_c++\x64\debug\css.tlog\cl.write.1.tlog
c:\users\dell\desktop\css-mfccourse_selection_c++\css-mfccourse_selection_c++\x64\debug\css.tlog\link.command.1.tlog
c:\users\dell\desktop\css-mfccourse_selection_c++\css-mfccourse_selection_c++\x64\debug\css.tlog\link.read.1.tlog
c:\users\dell\desktop\css-mfccourse_selection_c++\css-mfccourse_selection_c++\x64\debug\css.tlog\link.write.1.tlog
c:\users\dell\desktop\css-mfccourse_selection_c++\css-mfccourse_selection_c++\x64\debug\css.tlog\rc.command.1.tlog
c:\users\dell\desktop\css-mfccourse_selection_c++\css-mfccourse_selection_c++\x64\debug\css.tlog\rc.read.1.tlog
c:\users\dell\desktop\css-mfccourse_selection_c++\css-mfccourse_selection_c++\x64\debug\css.tlog\rc.write.1.tlog
